<?xml version="1.0" encoding="UTF-8"?>
<coverage generated="1718471507406" clover="3.2.0">
  <project timestamp="1718471507407" name="All files">
    <metrics statements="10" coveredstatements="6" conditionals="4" coveredconditionals="2" methods="2" coveredmethods="1" elements="16" coveredelements="9" complexity="0" loc="10" ncloc="10" packages="1" files="2" classes="2"/>
    <file name="dummy-service.js" path="C:\Users\sarang\Desktop\twitter\src\services\dummy-service.js">
      <metrics statements="5" coveredstatements="5" conditionals="2" coveredconditionals="2" methods="1" coveredmethods="1"/>
      <line num="4" count="1" type="stmt"/>
      <line num="5" count="2" type="stmt"/>
      <line num="6" count="2" type="cond" truecount="2" falsecount="0"/>
      <line num="7" count="1" type="stmt"/>
      <line num="9" count="1" type="stmt"/>
    </file>
    <file name="helper-service.js" path="C:\Users\sarang\Desktop\twitter\src\services\helper-service.js">
      <metrics statements="5" coveredstatements="1" conditionals="2" coveredconditionals="0" methods="1" coveredmethods="0"/>
      <line num="1" count="1" type="stmt"/>
      <line num="2" count="0" type="stmt"/>
      <line num="3" count="0" type="cond" truecount="0" falsecount="2"/>
      <line num="4" count="0" type="stmt"/>
      <line num="6" count="0" type="stmt"/>
    </file>
  </project>
</coverage>
